TN:
SF:/Users/hjain/Github/midway-swagger/lib/index.js
FN:22,(anonymous_0)
FN:33,(anonymous_1)
FN:50,(anonymous_2)
FN:61,(anonymous_3)
FN:65,(anonymous_4)
FN:69,(anonymous_5)
FNF:6
FNH:3
FNDA:11,(anonymous_0)
FNDA:0,(anonymous_1)
FNDA:1,(anonymous_2)
FNDA:0,(anonymous_3)
FNDA:0,(anonymous_4)
FNDA:5,(anonymous_5)
DA:13,1
DA:14,1
DA:15,1
DA:16,1
DA:21,1
DA:24,11
DA:25,1
DA:28,10
DA:29,7
DA:32,10
DA:33,1
DA:34,0
DA:35,0
DA:37,0
DA:41,10
DA:42,5
DA:45,10
DA:47,8
DA:49,8
DA:50,1
DA:51,1
DA:52,0
DA:54,1
DA:57,7
DA:62,0
DA:66,0
DA:70,5
LF:27
LH:21
BRDA:24,0,0,1
BRDA:24,0,1,10
BRDA:28,1,0,7
BRDA:28,1,1,3
BRDA:32,2,0,1
BRDA:32,2,1,9
BRDA:32,3,0,10
BRDA:32,3,1,1
BRDA:34,4,0,0
BRDA:34,4,1,0
BRDA:41,5,0,5
BRDA:41,5,1,5
BRDA:49,6,0,1
BRDA:49,6,1,7
BRDA:49,7,0,8
BRDA:49,7,1,1
BRDA:51,8,0,0
BRDA:51,8,1,1
BRF:18
BRH:15
end_of_record
TN:
SF:/Users/hjain/Github/midway-swagger/lib/utils/common-utils.js
FN:34,(anonymous_0)
FN:39,(anonymous_1)
FN:47,(anonymous_2)
FN:48,(anonymous_3)
FN:55,(anonymous_4)
FN:56,(anonymous_5)
FN:69,(anonymous_6)
FN:72,(anonymous_7)
FN:83,(anonymous_8)
FN:84,(anonymous_9)
FN:97,(anonymous_10)
FN:111,(anonymous_11)
FN:124,(anonymous_12)
FN:129,(anonymous_13)
FNF:14
FNH:10
FNDA:0,(anonymous_0)
FNDA:1,(anonymous_1)
FNDA:0,(anonymous_2)
FNDA:0,(anonymous_3)
FNDA:2,(anonymous_4)
FNDA:2,(anonymous_5)
FNDA:6,(anonymous_6)
FNDA:0,(anonymous_7)
FNDA:9,(anonymous_8)
FNDA:82,(anonymous_9)
FNDA:2,(anonymous_10)
FNDA:26,(anonymous_11)
FNDA:2,(anonymous_12)
FNDA:2,(anonymous_13)
DA:13,1
DA:14,1
DA:15,1
DA:16,1
DA:17,1
DA:18,1
DA:20,1
DA:33,1
DA:35,0
DA:39,1
DA:41,1
DA:42,1
DA:46,1
DA:48,0
DA:49,0
DA:52,0
DA:56,2
DA:57,2
DA:58,1
DA:60,1
DA:61,1
DA:63,1
DA:64,1
DA:70,6
DA:71,0
DA:73,0
DA:77,0
DA:79,6
DA:84,9
DA:85,82
DA:86,82
DA:87,82
DA:89,82
DA:90,0
DA:93,82
DA:99,2
DA:100,2
DA:101,0
DA:105,2
DA:106,2
DA:107,2
DA:108,2
DA:109,2
DA:110,2
DA:111,2
DA:112,26
DA:113,26
DA:114,26
DA:116,26
DA:118,26
DA:119,26
DA:120,26
DA:121,26
DA:124,2
DA:125,2
DA:126,0
DA:127,0
DA:129,2
DA:130,2
DA:131,0
DA:133,2
LF:61
LH:49
BRDA:41,0,0,1
BRDA:41,0,1,0
BRDA:57,1,0,1
BRDA:57,1,1,1
BRDA:60,2,0,1
BRDA:60,2,1,0
BRDA:70,3,0,0
BRDA:70,3,1,6
BRDA:89,4,0,0
BRDA:89,4,1,82
BRDA:99,5,0,2
BRDA:99,5,1,0
BRDA:100,6,0,0
BRDA:100,6,1,2
BRDA:125,7,0,0
BRDA:125,7,1,2
BRDA:130,8,0,0
BRDA:130,8,1,2
BRF:18
BRH:10
end_of_record
TN:
SF:/Users/hjain/Github/midway-swagger/lib/utils/mockdata-generator.js
FN:17,(anonymous_0)
FN:20,(anonymous_1)
FNF:2
FNH:2
FNDA:1,(anonymous_0)
FNDA:1,(anonymous_1)
DA:13,1
DA:14,1
DA:16,1
DA:18,1
DA:20,1
DA:21,1
DA:22,0
DA:23,0
DA:25,1
LF:9
LH:7
BRDA:21,0,0,0
BRDA:21,0,1,1
BRF:2
BRH:1
end_of_record
TN:
SF:/Users/hjain/Github/midway-swagger/lib/utils/rest-helper.js
FN:16,(anonymous_0)
FN:18,(anonymous_1)
FN:21,(anonymous_2)
FN:24,(anonymous_3)
FN:37,(anonymous_4)
FN:43,(anonymous_5)
FNF:6
FNH:5
FNDA:2,(anonymous_0)
FNDA:1,(anonymous_1)
FNDA:2,(anonymous_2)
FNDA:1,(anonymous_3)
FNDA:1,(anonymous_4)
FNDA:0,(anonymous_5)
DA:13,1
DA:14,1
DA:16,1
DA:18,2
DA:19,1
DA:20,1
DA:21,1
DA:22,2
DA:24,1
DA:25,1
DA:26,1
DA:28,0
DA:30,0
DA:31,0
DA:33,1
DA:37,2
DA:38,1
DA:39,1
DA:40,1
DA:43,2
DA:44,0
DA:45,0
DA:48,2
DA:49,2
LF:24
LH:19
BRF:0
BRH:0
end_of_record
